<?xml version="1.0" encoding="UTF-8"?>
<!-- Generated by org.testng.reporters.JUnitReportReporter -->
<testsuite hostname="DESKTOP-TUE1PU9" failures="0" tests="3" name="LearningTestNg.FirstTestNgScript" time="0.031" errors="0" timestamp="2025-01-08T15:46:02 IST" skipped="0">
  <testcase classname="LearningTestNg.FirstTestNgScript" name="register" time="0.023"/>
  <system-out>
    <![CDATA[TestExecuted successfully: ]]>
  </system-out>
  <testcase classname="LearningTestNg.FirstTestNgScript" name="login" time="0.002"/>
  <system-out>
    <![CDATA[TestExecuted successfully: ]]>
  </system-out>
  <testcase classname="LearningTestNg.FirstTestNgScript" name="AddToCart" time="0.006"/>
  <system-out/>
</testsuite> <!-- LearningTestNg.FirstTestNgScript -->
