<?xml version="1.0" encoding="UTF-8"?>
<!-- Generated by org.testng.reporters.JUnitReportReporter -->
<testsuite hostname="DESKTOP-TUE1PU9" failures="0" tests="1" name="com.DemoWebShopOne.TestScripts.AddToCartTest" time="4.380" errors="0" timestamp="17 Jan 2025 15:18:02 GMT" skipped="0">
  <testcase classname="com.DemoWebShopOne.TestScripts.AddToCartTest" name="addToCart" time="4.380"/>
</testsuite> <!-- com.DemoWebShopOne.TestScripts.AddToCartTest -->
