<?xml version="1.0" encoding="UTF-8"?>
<!-- Generated by org.testng.reporters.JUnitReportReporter -->
<testsuite hostname="DESKTOP-TUE1PU9" failures="0" tests="1" name="com.DemoWebShopOne.TestScripts.LoginTest" time="3.715" errors="0" timestamp="18 Jan 2025 15:22:54 GMT" skipped="0">
  <testcase classname="com.DemoWebShopOne.TestScripts.LoginTest" name="loginIntoDemo" time="3.715"/>
</testsuite> <!-- com.DemoWebShopOne.TestScripts.LoginTest -->
