<?xml version="1.0" encoding="UTF-8"?>
<!-- Generated by org.testng.reporters.JUnitReportReporter -->
<testsuite hostname="DESKTOP-TUE1PU9" failures="0" tests="1" name="com.DemoWebShopOne.TestScripts.ShoppingCartTest" time="6.345" errors="0" timestamp="18 Jan 2025 14:25:22 GMT" skipped="0">
  <testcase classname="com.DemoWebShopOne.TestScripts.ShoppingCartTest" name="performchekout" time="6.345"/>
</testsuite> <!-- com.DemoWebShopOne.TestScripts.ShoppingCartTest -->
