<?xml version="1.0" encoding="UTF-8"?>
<!-- Generated by org.testng.reporters.JUnitReportReporter -->
<testsuite hostname="DESKTOP-TUE1PU9" failures="0" tests="5" name="com.DemoWebShopOne.TestScripts.InvalidLoginTest" time="3.796" errors="0" timestamp="18 Jan 2025 14:47:54 GMT" skipped="0">
  <testcase classname="com.DemoWebShopOne.TestScripts.InvalidLoginTest" name="invalidLogin" time="0.755"/>
  <testcase classname="com.DemoWebShopOne.TestScripts.InvalidLoginTest" name="invalidLogin" time="1.015"/>
  <testcase classname="com.DemoWebShopOne.TestScripts.InvalidLoginTest" name="invalidLogin" time="0.585"/>
  <testcase classname="com.DemoWebShopOne.TestScripts.InvalidLoginTest" name="invalidLogin" time="0.699"/>
  <testcase classname="com.DemoWebShopOne.TestScripts.InvalidLoginTest" name="invalidLogin" time="0.742"/>
</testsuite> <!-- com.DemoWebShopOne.TestScripts.InvalidLoginTest -->
