<?xml version="1.0" encoding="UTF-8"?>
<!-- Generated by org.testng.reporters.JUnitReportReporter -->
<testsuite hostname="DESKTOP-TUE1PU9" failures="0" tests="1" name="com.Demowebshop.TestScript.ValidLoginTest" time="3.065" errors="0" timestamp="2025-01-03T22:27:29 IST" skipped="0">
  <testcase classname="com.Demowebshop.TestScript.ValidLoginTest" name="loginTestScript" time="3.065"/>
  <system-out/>
</testsuite> <!-- com.Demowebshop.TestScript.ValidLoginTest -->
