<?xml version="1.0" encoding="UTF-8"?>
<!-- Generated by org.testng.reporters.JUnitReportReporter -->
<testsuite hostname="DESKTOP-TUE1PU9" failures="0" tests="7" name="com.Demowebshop.TestScript.InvalidLoginTest" time="12.132" errors="0" timestamp="2025-01-17T22:58:32 IST" skipped="0">
  <testcase classname="com.Demowebshop.TestScript.InvalidLoginTest" name="invalidLoginTest" time="1.426"/>
  <system-out/>
  <testcase classname="com.Demowebshop.TestScript.InvalidLoginTest" name="invalidLoginTest" time="1.430"/>
  <system-out/>
  <testcase classname="com.Demowebshop.TestScript.InvalidLoginTest" name="invalidLoginTest" time="1.642"/>
  <system-out/>
  <testcase classname="com.Demowebshop.TestScript.InvalidLoginTest" name="invalidLoginTest" time="1.362"/>
  <system-out/>
  <testcase classname="com.Demowebshop.TestScript.InvalidLoginTest" name="invalidLoginTest" time="2.125"/>
  <system-out/>
  <testcase classname="com.Demowebshop.TestScript.InvalidLoginTest" name="invalidLoginTest" time="2.875"/>
  <system-out/>
  <testcase classname="com.Demowebshop.TestScript.InvalidLoginTest" name="invalidLoginTest" time="1.272"/>
  <system-out/>
</testsuite> <!-- com.Demowebshop.TestScript.InvalidLoginTest -->
