<?xml version="1.0" encoding="UTF-8"?>
<!-- Generated by org.testng.reporters.JUnitReportReporter -->
<testsuite hostname="DESKTOP-TUE1PU9" failures="0" tests="7" name="com.Demowebshop.TestScript.InvalidLoginTest" time="17.385" errors="0" timestamp="2025-01-07T14:59:50 IST" skipped="0">
  <testcase classname="com.Demowebshop.TestScript.InvalidLoginTest" name="invalidLoginTest" time="2.170"/>
  <system-out/>
  <testcase classname="com.Demowebshop.TestScript.InvalidLoginTest" name="invalidLoginTest" time="2.465"/>
  <system-out/>
  <testcase classname="com.Demowebshop.TestScript.InvalidLoginTest" name="invalidLoginTest" time="2.284"/>
  <system-out/>
  <testcase classname="com.Demowebshop.TestScript.InvalidLoginTest" name="invalidLoginTest" time="2.617"/>
  <system-out/>
  <testcase classname="com.Demowebshop.TestScript.InvalidLoginTest" name="invalidLoginTest" time="2.397"/>
  <system-out/>
  <testcase classname="com.Demowebshop.TestScript.InvalidLoginTest" name="invalidLoginTest" time="2.523"/>
  <system-out/>
  <testcase classname="com.Demowebshop.TestScript.InvalidLoginTest" name="invalidLoginTest" time="2.929"/>
  <system-out/>
</testsuite> <!-- com.Demowebshop.TestScript.InvalidLoginTest -->
