<?xml version="1.0" encoding="UTF-8"?>
<!-- Generated by org.testng.reporters.JUnitReportReporter -->
<testsuite hostname="DESKTOP-TUE1PU9" failures="0" tests="1" name="com.Demowebshop.TestScript.RegisterTest" time="7.951" errors="0" timestamp="2025-01-17T22:58:32 IST" skipped="0">
  <testcase classname="com.Demowebshop.TestScript.RegisterTest" name="registerTestScript" time="7.951"/>
  <system-out/>
</testsuite> <!-- com.Demowebshop.TestScript.RegisterTest -->
