<?xml version="1.0" encoding="UTF-8"?>
<!-- Generated by org.testng.reporters.JUnitReportReporter -->
<testsuite hostname="DESKTOP-TUE1PU9" failures="0" tests="2" name="LearningTestNG.SecondTestng" time="0.030" errors="0" timestamp="16 Dec 2024 08:19:56 GMT" skipped="0">
  <testcase classname="LearningTestNG.SecondTestng" name="login" time="0.027"/>
  <testcase classname="LearningTestNG.SecondTestng" name="register" time="0.003"/>
</testsuite> <!-- LearningTestNG.SecondTestng -->
