<?xml version="1.0" encoding="UTF-8"?>
<!-- Generated by org.testng.reporters.JUnitReportReporter -->
<testsuite hostname="DESKTOP-TUE1PU9" failures="0" tests="7" name="LearningTestNG.FirstTestNg" time="0.020" errors="0" timestamp="17 Dec 2024 06:11:56 GMT" skipped="1">
  <testcase classname="LearningTestNG.FirstTestNg" name="register" time="0.003"/>
  <testcase classname="LearningTestNG.FirstTestNg" name="register" time="0.004"/>
  <testcase classname="LearningTestNG.FirstTestNg" name="register" time="0.010"/>
  <testcase classname="LearningTestNG.FirstTestNg" name="login" time="0.001"/>
  <testcase classname="LearningTestNG.FirstTestNg" name="register" time="0.001"/>
  <testcase classname="LearningTestNG.FirstTestNg" name="register" time="0.001"/>
  <testcase classname="LearningTestNG.FirstTestNg" name="addToCart">
    <skipped/>
  </testcase> <!-- addToCart -->
</testsuite> <!-- LearningTestNG.FirstTestNg -->
